Using pre-set license
Built from '2020.3/release' branch; Version is '2020.3.7f1 (dd97f2c94397) revision 14522354'; Using compiler version '192528614'; Build Type 'Release'
OS: 'Windows 10 Enterprise; OS build 19041.1415; Version 2004; 64bit' Language: 'en' Physical Memory: 32704 MB
BatchMode: 1, IsHumanControllingUs: 0, StartBugReporterOnCrash: 0, Is64bit: 1, IsPro: 0

 COMMAND LINE ARGUMENTS:
C:\Program Files\Unity\Editor\Unity.exe
-adb2
-batchMode
-noUpm
-name
AssetImportWorker0
-projectPath
C:/Users/bl2/Documents/GAD170-repository
-logFile
Logs/AssetImportWorker0.log
-srvPort
55624
Successfully changed project path to: C:/Users/bl2/Documents/GAD170-repository
C:/Users/bl2/Documents/GAD170-repository
Using Asset Import Pipeline V2.
Refreshing native plugins compatible for Editor in 18.61 ms, found 0 plugins.
Preloading 0 native plugins for Editor in 0.00 ms.
Initialize engine version: 2020.3.7f1 (dd97f2c94397)
[Subsystems] Discovering subsystems at path C:/Program Files/Unity/Editor/Data/Resources/UnitySubsystems
[Subsystems] Discovering subsystems at path C:/Users/bl2/Documents/GAD170-repository/Assets
GfxDevice: creating device client; threaded=0
Direct3D:
    Version:  Direct3D 11.0 [level 11.1]
    Renderer: NVIDIA GeForce GTX 1070 (ID=0x1b81)
    Vendor:   
    VRAM:     8088 MB
    Driver:   27.21.14.5671
Initialize mono
Mono path[0] = 'C:/Program Files/Unity/Editor/Data/Managed'
Mono path[1] = 'C:/Program Files/Unity/Editor/Data/MonoBleedingEdge/lib/mono/unityjit'
Mono config path = 'C:/Program Files/Unity/Editor/Data/MonoBleedingEdge/etc'
Using monoOptions --debugger-agent=transport=dt_socket,embedding=1,server=y,suspend=n,address=127.0.0.1:56284
Begin MonoManager ReloadAssembly
Registering precompiled unity dll's ...
Register platform support module: C:/Program Files/Unity/Editor/Data/PlaybackEngines/WindowsStandaloneSupport/UnityEditor.WindowsStandalone.Extensions.dll
Registered in 0.002060 seconds.
Native extension for WindowsStandalone target not found
Refreshing native plugins compatible for Editor in 18.59 ms, found 0 plugins.
Preloading 0 native plugins for Editor in 0.00 ms.
Mono: successfully reloaded assembly
- Completed reload, in  0.982 seconds
Platform modules already initialized, skipping
Registering precompiled user dll's ...
Registered in 0.001224 seconds.
Begin MonoManager ReloadAssembly
Native extension for WindowsStandalone target not found
Refreshing native plugins compatible for Editor in 0.18 ms, found 0 plugins.
Preloading 0 native plugins for Editor in 0.00 ms.
Mono: successfully reloaded assembly
- Completed reload, in  0.687 seconds
Platform modules already initialized, skipping
========================================================================
Worker process is ready to serve import requests
Launched and connected shader compiler UnityShaderCompiler.exe after 0.05 seconds
Refreshing native plugins compatible for Editor in 0.17 ms, found 0 plugins.
Preloading 0 native plugins for Editor in 0.00 ms.
Unloading 1117 Unused Serialized files (Serialized files now loaded: 0)
System memory in use before: 57.2 MB.
System memory in use after: 57.2 MB.

Unloading 10 unused Assets to reduce memory usage. Loaded Objects now: 1559.
Total: 1.518300 ms (FindLiveObjects: 0.123200 ms CreateObjectMapping: 0.032800 ms MarkObjects: 1.299700 ms  DeleteObjects: 0.061700 ms)

========================================================================
Received Prepare
Registering precompiled user dll's ...
Registered in 0.001027 seconds.
Begin MonoManager ReloadAssembly
Native extension for WindowsStandalone target not found
Refreshing native plugins compatible for Editor in 0.18 ms, found 0 plugins.
Preloading 0 native plugins for Editor in 0.00 ms.
Mono: successfully reloaded assembly
- Completed reload, in  0.623 seconds
Platform modules already initialized, skipping
Refreshing native plugins compatible for Editor in 0.17 ms, found 0 plugins.
Preloading 0 native plugins for Editor in 0.00 ms.
Unloading 1112 Unused Serialized files (Serialized files now loaded: 0)
System memory in use before: 57.1 MB.
System memory in use after: 57.2 MB.

Unloading 5 unused Assets to reduce memory usage. Loaded Objects now: 1562.
Total: 1.809200 ms (FindLiveObjects: 0.217400 ms CreateObjectMapping: 0.051300 ms MarkObjects: 1.454700 ms  DeleteObjects: 0.084800 ms)

========================================================================
Received Import Request.
  path: Assets/RacingScript.cs
  artifactKey: Guid(1921b67e0138e814f9ded801f6a6ca60) Importer(815301076,1909f56bfc062723c751e8b465ee728b)
Start importing Assets/RacingScript.cs using Guid(1921b67e0138e814f9ded801f6a6ca60) Importer(815301076,1909f56bfc062723c751e8b465ee728b)  -> (artifact id: '400fc4f42d3ec48d95b6456bd6f90e90') in 0.022825 seconds
  Import took 0.024401 seconds .

========================================================================
Received Prepare
Registering precompiled user dll's ...
Registered in 0.001067 seconds.
Begin MonoManager ReloadAssembly
Native extension for WindowsStandalone target not found
Refreshing native plugins compatible for Editor in 0.18 ms, found 0 plugins.
Preloading 0 native plugins for Editor in 0.00 ms.
Mono: successfully reloaded assembly
- Completed reload, in  0.627 seconds
Platform modules already initialized, skipping
Refreshing native plugins compatible for Editor in 0.18 ms, found 0 plugins.
Preloading 0 native plugins for Editor in 0.00 ms.
Unloading 1112 Unused Serialized files (Serialized files now loaded: 0)
System memory in use before: 57.2 MB.
System memory in use after: 57.2 MB.

Unloading 5 unused Assets to reduce memory usage. Loaded Objects now: 1565.
Total: 1.487000 ms (FindLiveObjects: 0.120300 ms CreateObjectMapping: 0.029600 ms MarkObjects: 1.296100 ms  DeleteObjects: 0.039900 ms)

========================================================================
Received Import Request.
  Time since last request: 1058.752428 seconds.
  path: Assets/RacingScript.cs
  artifactKey: Guid(1921b67e0138e814f9ded801f6a6ca60) Importer(815301076,1909f56bfc062723c751e8b465ee728b)
Start importing Assets/RacingScript.cs using Guid(1921b67e0138e814f9ded801f6a6ca60) Importer(815301076,1909f56bfc062723c751e8b465ee728b)  -> (artifact id: '1e8ea36c9c964e878f0080d469183334') in 0.003639 seconds
  Import took 0.005499 seconds .

========================================================================
Received Prepare
Registering precompiled user dll's ...
Registered in 0.001061 seconds.
Begin MonoManager ReloadAssembly
Native extension for WindowsStandalone target not found
Refreshing native plugins compatible for Editor in 0.18 ms, found 0 plugins.
Preloading 0 native plugins for Editor in 0.00 ms.
Mono: successfully reloaded assembly
- Completed reload, in  0.660 seconds
Platform modules already initialized, skipping
Refreshing native plugins compatible for Editor in 0.18 ms, found 0 plugins.
Preloading 0 native plugins for Editor in 0.00 ms.
Unloading 1112 Unused Serialized files (Serialized files now loaded: 0)
System memory in use before: 57.2 MB.
System memory in use after: 57.2 MB.

Unloading 5 unused Assets to reduce memory usage. Loaded Objects now: 1568.
Total: 1.509500 ms (FindLiveObjects: 0.118800 ms CreateObjectMapping: 0.033100 ms MarkObjects: 1.318400 ms  DeleteObjects: 0.038400 ms)

========================================================================
Received Prepare
Registering precompiled user dll's ...
Registered in 0.001078 seconds.
Begin MonoManager ReloadAssembly
Native extension for WindowsStandalone target not found
Refreshing native plugins compatible for Editor in 0.18 ms, found 0 plugins.
Preloading 0 native plugins for Editor in 0.00 ms.
Mono: successfully reloaded assembly
- Completed reload, in  0.626 seconds
Platform modules already initialized, skipping
Refreshing native plugins compatible for Editor in 0.18 ms, found 0 plugins.
Preloading 0 native plugins for Editor in 0.00 ms.
Unloading 1112 Unused Serialized files (Serialized files now loaded: 0)
System memory in use before: 57.2 MB.
System memory in use after: 57.2 MB.

Unloading 5 unused Assets to reduce memory usage. Loaded Objects now: 1571.
Total: 3.111600 ms (FindLiveObjects: 0.198600 ms CreateObjectMapping: 0.063400 ms MarkObjects: 2.767800 ms  DeleteObjects: 0.079800 ms)

========================================================================
Received Prepare
Registering precompiled user dll's ...
Registered in 0.001045 seconds.
Begin MonoManager ReloadAssembly
Native extension for WindowsStandalone target not found
Refreshing native plugins compatible for Editor in 0.18 ms, found 0 plugins.
Preloading 0 native plugins for Editor in 0.00 ms.
Mono: successfully reloaded assembly
- Completed reload, in  0.626 seconds
Platform modules already initialized, skipping
Refreshing native plugins compatible for Editor in 0.18 ms, found 0 plugins.
Preloading 0 native plugins for Editor in 0.00 ms.
Unloading 1112 Unused Serialized files (Serialized files now loaded: 0)
System memory in use before: 57.2 MB.
System memory in use after: 57.3 MB.

Unloading 5 unused Assets to reduce memory usage. Loaded Objects now: 1574.
Total: 1.673600 ms (FindLiveObjects: 0.182200 ms CreateObjectMapping: 0.057000 ms MarkObjects: 1.389000 ms  DeleteObjects: 0.044500 ms)

========================================================================
Received Prepare
Registering precompiled user dll's ...
Registered in 0.001157 seconds.
Begin MonoManager ReloadAssembly
Native extension for WindowsStandalone target not found
Refreshing native plugins compatible for Editor in 0.18 ms, found 0 plugins.
Preloading 0 native plugins for Editor in 0.00 ms.
Mono: successfully reloaded assembly
- Completed reload, in  0.669 seconds
Platform modules already initialized, skipping
Refreshing native plugins compatible for Editor in 0.18 ms, found 0 plugins.
Preloading 0 native plugins for Editor in 0.00 ms.
Unloading 1112 Unused Serialized files (Serialized files now loaded: 0)
System memory in use before: 57.2 MB.
System memory in use after: 57.3 MB.

Unloading 5 unused Assets to reduce memory usage. Loaded Objects now: 1577.
Total: 1.424400 ms (FindLiveObjects: 0.120300 ms CreateObjectMapping: 0.030200 ms MarkObjects: 1.228200 ms  DeleteObjects: 0.044800 ms)

========================================================================
Received Prepare
Registering precompiled user dll's ...
Registered in 0.001046 seconds.
Begin MonoManager ReloadAssembly
Native extension for WindowsStandalone target not found
Refreshing native plugins compatible for Editor in 0.18 ms, found 0 plugins.
Preloading 0 native plugins for Editor in 0.00 ms.
Mono: successfully reloaded assembly
- Completed reload, in  0.611 seconds
Platform modules already initialized, skipping
Refreshing native plugins compatible for Editor in 0.17 ms, found 0 plugins.
Preloading 0 native plugins for Editor in 0.00 ms.
Unloading 1112 Unused Serialized files (Serialized files now loaded: 0)
System memory in use before: 57.2 MB.
System memory in use after: 57.3 MB.

Unloading 5 unused Assets to reduce memory usage. Loaded Objects now: 1580.
Total: 1.574200 ms (FindLiveObjects: 0.107700 ms CreateObjectMapping: 0.029400 ms MarkObjects: 1.399200 ms  DeleteObjects: 0.037200 ms)

========================================================================
Received Prepare
Registering precompiled user dll's ...
Registered in 0.001037 seconds.
Begin MonoManager ReloadAssembly
Native extension for WindowsStandalone target not found
Refreshing native plugins compatible for Editor in 0.21 ms, found 0 plugins.
Preloading 0 native plugins for Editor in 0.00 ms.
Mono: successfully reloaded assembly
- Completed reload, in  0.689 seconds
Platform modules already initialized, skipping
Refreshing native plugins compatible for Editor in 0.18 ms, found 0 plugins.
Preloading 0 native plugins for Editor in 0.00 ms.
Unloading 1112 Unused Serialized files (Serialized files now loaded: 0)
System memory in use before: 57.2 MB.
System memory in use after: 57.3 MB.

Unloading 5 unused Assets to reduce memory usage. Loaded Objects now: 1583.
Total: 1.439400 ms (FindLiveObjects: 0.126600 ms CreateObjectMapping: 0.032900 ms MarkObjects: 1.239000 ms  DeleteObjects: 0.040200 ms)

========================================================================
Received Prepare
Registering precompiled user dll's ...
Registered in 0.001070 seconds.
Begin MonoManager ReloadAssembly
Native extension for WindowsStandalone target not found
Refreshing native plugins compatible for Editor in 0.20 ms, found 0 plugins.
Preloading 0 native plugins for Editor in 0.00 ms.
Mono: successfully reloaded assembly
- Completed reload, in  0.625 seconds
Platform modules already initialized, skipping
Refreshing native plugins compatible for Editor in 0.18 ms, found 0 plugins.
Preloading 0 native plugins for Editor in 0.00 ms.
Unloading 1112 Unused Serialized files (Serialized files now loaded: 0)
System memory in use before: 57.2 MB.
System memory in use after: 57.3 MB.

Unloading 5 unused Assets to reduce memory usage. Loaded Objects now: 1586.
Total: 3.035100 ms (FindLiveObjects: 0.228100 ms CreateObjectMapping: 0.066500 ms MarkObjects: 2.651100 ms  DeleteObjects: 0.087100 ms)

========================================================================
Received Prepare
Registering precompiled user dll's ...
Registered in 0.001054 seconds.
Begin MonoManager ReloadAssembly
Native extension for WindowsStandalone target not found
Refreshing native plugins compatible for Editor in 0.18 ms, found 0 plugins.
Preloading 0 native plugins for Editor in 0.00 ms.
Mono: successfully reloaded assembly
- Completed reload, in  0.641 seconds
Platform modules already initialized, skipping
Refreshing native plugins compatible for Editor in 0.18 ms, found 0 plugins.
Preloading 0 native plugins for Editor in 0.00 ms.
Unloading 1112 Unused Serialized files (Serialized files now loaded: 0)
System memory in use before: 57.2 MB.
System memory in use after: 57.3 MB.

Unloading 5 unused Assets to reduce memory usage. Loaded Objects now: 1589.
Total: 1.681100 ms (FindLiveObjects: 0.164500 ms CreateObjectMapping: 0.053700 ms MarkObjects: 1.424400 ms  DeleteObjects: 0.036800 ms)

========================================================================
Received Prepare
Registering precompiled user dll's ...
Registered in 0.001274 seconds.
Begin MonoManager ReloadAssembly
Native extension for WindowsStandalone target not found
Refreshing native plugins compatible for Editor in 0.18 ms, found 0 plugins.
Preloading 0 native plugins for Editor in 0.00 ms.
Mono: successfully reloaded assembly
- Completed reload, in  0.614 seconds
Platform modules already initialized, skipping
Refreshing native plugins compatible for Editor in 0.19 ms, found 0 plugins.
Preloading 0 native plugins for Editor in 0.00 ms.
Unloading 1112 Unused Serialized files (Serialized files now loaded: 0)
System memory in use before: 57.2 MB.
System memory in use after: 57.3 MB.

Unloading 5 unused Assets to reduce memory usage. Loaded Objects now: 1592.
Total: 1.640400 ms (FindLiveObjects: 0.124900 ms CreateObjectMapping: 0.026500 ms MarkObjects: 1.449100 ms  DeleteObjects: 0.039100 ms)

========================================================================
Received Prepare
Registering precompiled user dll's ...
Registered in 0.001093 seconds.
Begin MonoManager ReloadAssembly
Native extension for WindowsStandalone target not found
Refreshing native plugins compatible for Editor in 0.18 ms, found 0 plugins.
Preloading 0 native plugins for Editor in 0.00 ms.
Mono: successfully reloaded assembly
- Completed reload, in  0.625 seconds
Platform modules already initialized, skipping
Refreshing native plugins compatible for Editor in 0.19 ms, found 0 plugins.
Preloading 0 native plugins for Editor in 0.00 ms.
Unloading 1112 Unused Serialized files (Serialized files now loaded: 0)
System memory in use before: 57.2 MB.
System memory in use after: 57.3 MB.

Unloading 5 unused Assets to reduce memory usage. Loaded Objects now: 1595.
Total: 1.475600 ms (FindLiveObjects: 0.130100 ms CreateObjectMapping: 0.027400 ms MarkObjects: 1.277400 ms  DeleteObjects: 0.039300 ms)

========================================================================
Received Prepare
Registering precompiled user dll's ...
Registered in 0.001166 seconds.
Begin MonoManager ReloadAssembly
Native extension for WindowsStandalone target not found
Refreshing native plugins compatible for Editor in 0.19 ms, found 0 plugins.
Preloading 0 native plugins for Editor in 0.00 ms.
Mono: successfully reloaded assembly
- Completed reload, in  0.680 seconds
Platform modules already initialized, skipping
Refreshing native plugins compatible for Editor in 0.18 ms, found 0 plugins.
Preloading 0 native plugins for Editor in 0.00 ms.
Unloading 1112 Unused Serialized files (Serialized files now loaded: 0)
System memory in use before: 57.2 MB.
System memory in use after: 57.3 MB.

Unloading 5 unused Assets to reduce memory usage. Loaded Objects now: 1598.
Total: 1.657700 ms (FindLiveObjects: 0.124600 ms CreateObjectMapping: 0.036000 ms MarkObjects: 1.453200 ms  DeleteObjects: 0.043100 ms)

========================================================================
Received Prepare
Registering precompiled user dll's ...
Registered in 0.001066 seconds.
Begin MonoManager ReloadAssembly
Native extension for WindowsStandalone target not found
Refreshing native plugins compatible for Editor in 0.18 ms, found 0 plugins.
Preloading 0 native plugins for Editor in 0.00 ms.
Mono: successfully reloaded assembly
- Completed reload, in  0.630 seconds
Platform modules already initialized, skipping
Refreshing native plugins compatible for Editor in 0.17 ms, found 0 plugins.
Preloading 0 native plugins for Editor in 0.00 ms.
Unloading 1112 Unused Serialized files (Serialized files now loaded: 0)
System memory in use before: 57.2 MB.
System memory in use after: 57.3 MB.

Unloading 5 unused Assets to reduce memory usage. Loaded Objects now: 1601.
Total: 1.608300 ms (FindLiveObjects: 0.117300 ms CreateObjectMapping: 0.032500 ms MarkObjects: 1.420100 ms  DeleteObjects: 0.037700 ms)

========================================================================
Received Prepare
Registering precompiled user dll's ...
Registered in 0.001091 seconds.
Begin MonoManager ReloadAssembly
Native extension for WindowsStandalone target not found
Refreshing native plugins compatible for Editor in 0.18 ms, found 0 plugins.
Preloading 0 native plugins for Editor in 0.00 ms.
Mono: successfully reloaded assembly
- Completed reload, in  0.619 seconds
Platform modules already initialized, skipping
Refreshing native plugins compatible for Editor in 0.18 ms, found 0 plugins.
Preloading 0 native plugins for Editor in 0.00 ms.
Unloading 1112 Unused Serialized files (Serialized files now loaded: 0)
System memory in use before: 57.2 MB.
System memory in use after: 57.3 MB.

Unloading 5 unused Assets to reduce memory usage. Loaded Objects now: 1604.
Total: 1.714900 ms (FindLiveObjects: 0.172000 ms CreateObjectMapping: 0.051100 ms MarkObjects: 1.452800 ms  DeleteObjects: 0.038400 ms)

========================================================================
Received Prepare
Registering precompiled user dll's ...
Registered in 0.001076 seconds.
Begin MonoManager ReloadAssembly
Native extension for WindowsStandalone target not found
Refreshing native plugins compatible for Editor in 0.18 ms, found 0 plugins.
Preloading 0 native plugins for Editor in 0.00 ms.
Mono: successfully reloaded assembly
- Completed reload, in  0.669 seconds
Platform modules already initialized, skipping
Refreshing native plugins compatible for Editor in 0.18 ms, found 0 plugins.
Preloading 0 native plugins for Editor in 0.00 ms.
Unloading 1113 Unused Serialized files (Serialized files now loaded: 0)
System memory in use before: 57.3 MB.
System memory in use after: 57.3 MB.

Unloading 5 unused Assets to reduce memory usage. Loaded Objects now: 1608.
Total: 1.507500 ms (FindLiveObjects: 0.117300 ms CreateObjectMapping: 0.030000 ms MarkObjects: 1.321000 ms  DeleteObjects: 0.038300 ms)

========================================================================
Received Import Request.
  Time since last request: 2186.834774 seconds.
  path: Assets/XPSystem.cs
  artifactKey: Guid(b473c5bf12f5f184f84b1ae4b1f7c8e6) Importer(815301076,1909f56bfc062723c751e8b465ee728b)
Start importing Assets/XPSystem.cs using Guid(b473c5bf12f5f184f84b1ae4b1f7c8e6) Importer(815301076,1909f56bfc062723c751e8b465ee728b)  -> (artifact id: '1356ddb0be02dfdd528def2fad66f420') in 0.003887 seconds
  Import took 0.005508 seconds .

========================================================================
Received Prepare
Registering precompiled user dll's ...
Registered in 0.001639 seconds.
Begin MonoManager ReloadAssembly
Native extension for WindowsStandalone target not found
Refreshing native plugins compatible for Editor in 0.18 ms, found 0 plugins.
Preloading 0 native plugins for Editor in 0.00 ms.
Mono: successfully reloaded assembly
- Completed reload, in  0.760 seconds
Platform modules already initialized, skipping
Refreshing native plugins compatible for Editor in 0.18 ms, found 0 plugins.
Preloading 0 native plugins for Editor in 0.00 ms.
Unloading 1113 Unused Serialized files (Serialized files now loaded: 0)
System memory in use before: 57.3 MB.
System memory in use after: 57.4 MB.

Unloading 5 unused Assets to reduce memory usage. Loaded Objects now: 1611.
Total: 1.911400 ms (FindLiveObjects: 0.413500 ms CreateObjectMapping: 0.044300 ms MarkObjects: 1.406000 ms  DeleteObjects: 0.045500 ms)

========================================================================
Received Import Request.
  Time since last request: 632.813931 seconds.
  path: Assets/XPSystem.cs
  artifactKey: Guid(b473c5bf12f5f184f84b1ae4b1f7c8e6) Importer(815301076,1909f56bfc062723c751e8b465ee728b)
Start importing Assets/XPSystem.cs using Guid(b473c5bf12f5f184f84b1ae4b1f7c8e6) Importer(815301076,1909f56bfc062723c751e8b465ee728b)  -> (artifact id: '91e6662c1a0dbd25801a7504ecfc7190') in 0.004954 seconds
  Import took 0.006982 seconds .

========================================================================
Received Import Request.
  Time since last request: 170.593818 seconds.
  path: Assets/RacingScript.cs
  artifactKey: Guid(1921b67e0138e814f9ded801f6a6ca60) Importer(815301076,1909f56bfc062723c751e8b465ee728b)
Start importing Assets/RacingScript.cs using Guid(1921b67e0138e814f9ded801f6a6ca60) Importer(815301076,1909f56bfc062723c751e8b465ee728b)  -> (artifact id: 'af1003568164de8b59893b6b3fb03b00') in 0.002081 seconds
  Import took 0.003919 seconds .

========================================================================
Received Prepare
Registering precompiled user dll's ...
Registered in 0.001120 seconds.
Begin MonoManager ReloadAssembly
Native extension for WindowsStandalone target not found
Refreshing native plugins compatible for Editor in 0.19 ms, found 0 plugins.
Preloading 0 native plugins for Editor in 0.00 ms.
Mono: successfully reloaded assembly
- Completed reload, in  0.704 seconds
Platform modules already initialized, skipping
Refreshing native plugins compatible for Editor in 0.20 ms, found 0 plugins.
Preloading 0 native plugins for Editor in 0.00 ms.
Unloading 1113 Unused Serialized files (Serialized files now loaded: 0)
System memory in use before: 57.3 MB.
System memory in use after: 57.4 MB.

Unloading 5 unused Assets to reduce memory usage. Loaded Objects now: 1614.
Total: 1.487000 ms (FindLiveObjects: 0.156000 ms CreateObjectMapping: 0.047200 ms MarkObjects: 1.238900 ms  DeleteObjects: 0.043600 ms)

========================================================================
Received Prepare
Registering precompiled user dll's ...
Registered in 0.001179 seconds.
Begin MonoManager ReloadAssembly
Native extension for WindowsStandalone target not found
Refreshing native plugins compatible for Editor in 0.19 ms, found 0 plugins.
Preloading 0 native plugins for Editor in 0.00 ms.
Mono: successfully reloaded assembly
- Completed reload, in  0.684 seconds
Platform modules already initialized, skipping
Refreshing native plugins compatible for Editor in 0.19 ms, found 0 plugins.
Preloading 0 native plugins for Editor in 0.00 ms.
Unloading 1113 Unused Serialized files (Serialized files now loaded: 0)
System memory in use before: 57.3 MB.
System memory in use after: 57.4 MB.

Unloading 5 unused Assets to reduce memory usage. Loaded Objects now: 1617.
Total: 1.435600 ms (FindLiveObjects: 0.146100 ms CreateObjectMapping: 0.059200 ms MarkObjects: 1.188200 ms  DeleteObjects: 0.041000 ms)

========================================================================
Received Prepare
Registering precompiled user dll's ...
Registered in 0.001154 seconds.
Begin MonoManager ReloadAssembly
Native extension for WindowsStandalone target not found
Refreshing native plugins compatible for Editor in 0.18 ms, found 0 plugins.
Preloading 0 native plugins for Editor in 0.00 ms.
Mono: successfully reloaded assembly
- Completed reload, in  0.634 seconds
Platform modules already initialized, skipping
Refreshing native plugins compatible for Editor in 0.17 ms, found 0 plugins.
Preloading 0 native plugins for Editor in 0.00 ms.
Unloading 1113 Unused Serialized files (Serialized files now loaded: 0)
System memory in use before: 57.3 MB.
System memory in use after: 57.4 MB.

Unloading 5 unused Assets to reduce memory usage. Loaded Objects now: 1620.
Total: 1.579400 ms (FindLiveObjects: 0.129700 ms CreateObjectMapping: 0.033800 ms MarkObjects: 1.373500 ms  DeleteObjects: 0.041500 ms)

========================================================================
Received Prepare
Registering precompiled user dll's ...
Registered in 0.001040 seconds.
Begin MonoManager ReloadAssembly
Native extension for WindowsStandalone target not found
Refreshing native plugins compatible for Editor in 0.18 ms, found 0 plugins.
Preloading 0 native plugins for Editor in 0.00 ms.
Mono: successfully reloaded assembly
- Completed reload, in  0.622 seconds
Platform modules already initialized, skipping
Refreshing native plugins compatible for Editor in 0.18 ms, found 0 plugins.
Preloading 0 native plugins for Editor in 0.00 ms.
Unloading 1113 Unused Serialized files (Serialized files now loaded: 0)
System memory in use before: 57.3 MB.
System memory in use after: 57.3 MB.

Unloading 5 unused Assets to reduce memory usage. Loaded Objects now: 1623.
Total: 3.057100 ms (FindLiveObjects: 0.231700 ms CreateObjectMapping: 0.075100 ms MarkObjects: 2.681300 ms  DeleteObjects: 0.067300 ms)

========================================================================
Received Prepare
Registering precompiled user dll's ...
Registered in 0.001144 seconds.
Begin MonoManager ReloadAssembly
Native extension for WindowsStandalone target not found
Refreshing native plugins compatible for Editor in 0.19 ms, found 0 plugins.
Preloading 0 native plugins for Editor in 0.00 ms.
Mono: successfully reloaded assembly
- Completed reload, in  0.700 seconds
Platform modules already initialized, skipping
Refreshing native plugins compatible for Editor in 0.18 ms, found 0 plugins.
Preloading 0 native plugins for Editor in 0.00 ms.
Unloading 1113 Unused Serialized files (Serialized files now loaded: 0)
System memory in use before: 57.3 MB.
System memory in use after: 57.4 MB.

Unloading 5 unused Assets to reduce memory usage. Loaded Objects now: 1626.
Total: 1.557200 ms (FindLiveObjects: 0.125300 ms CreateObjectMapping: 0.032000 ms MarkObjects: 1.356400 ms  DeleteObjects: 0.042400 ms)

========================================================================
Received Prepare
Registering precompiled user dll's ...
Registered in 0.001108 seconds.
Begin MonoManager ReloadAssembly
Native extension for WindowsStandalone target not found
Refreshing native plugins compatible for Editor in 0.19 ms, found 0 plugins.
Preloading 0 native plugins for Editor in 0.00 ms.
Mono: successfully reloaded assembly
- Completed reload, in  0.627 seconds
Platform modules already initialized, skipping
Refreshing native plugins compatible for Editor in 0.18 ms, found 0 plugins.
Preloading 0 native plugins for Editor in 0.00 ms.
Unloading 1113 Unused Serialized files (Serialized files now loaded: 0)
System memory in use before: 57.3 MB.
System memory in use after: 57.4 MB.

Unloading 5 unused Assets to reduce memory usage. Loaded Objects now: 1629.
Total: 3.200700 ms (FindLiveObjects: 0.229200 ms CreateObjectMapping: 0.071400 ms MarkObjects: 2.818500 ms  DeleteObjects: 0.079000 ms)

========================================================================
Received Import Request.
  Time since last request: 3528.503523 seconds.
  path: Assets/XPSystem.cs
  artifactKey: Guid(b473c5bf12f5f184f84b1ae4b1f7c8e6) Importer(815301076,1909f56bfc062723c751e8b465ee728b)
Start importing Assets/XPSystem.cs using Guid(b473c5bf12f5f184f84b1ae4b1f7c8e6) Importer(815301076,1909f56bfc062723c751e8b465ee728b)  -> (artifact id: 'b5f6b60cda726fdbd3634f08431d6f1b') in 0.003914 seconds
  Import took 0.005954 seconds .

========================================================================
Received Import Request.
  Time since last request: 0.000949 seconds.
  path: Assets/XPSystem.cs
  artifactKey: Guid(b473c5bf12f5f184f84b1ae4b1f7c8e6) Importer(815301076,1909f56bfc062723c751e8b465ee728b)
Start importing Assets/XPSystem.cs using Guid(b473c5bf12f5f184f84b1ae4b1f7c8e6) Importer(815301076,1909f56bfc062723c751e8b465ee728b)  -> (artifact id: 'b5f6b60cda726fdbd3634f08431d6f1b') in 0.001959 seconds
  Import took 0.003391 seconds .

========================================================================
Received Import Request.
  Time since last request: 56.593836 seconds.
  path: Assets/y.unity
  artifactKey: Guid(cee70cafa29eac648ba66581b6db2345) Importer(815301076,1909f56bfc062723c751e8b465ee728b)
Start importing Assets/y.unity using Guid(cee70cafa29eac648ba66581b6db2345) Importer(815301076,1909f56bfc062723c751e8b465ee728b)  -> (artifact id: '77007bb9c92752b0b507d4e2367bed9a') in 0.008363 seconds
  Import took 0.010451 seconds .

========================================================================
Received Import Request.
  Time since last request: 0.000632 seconds.
  path: Assets/y.unity
  artifactKey: Guid(cee70cafa29eac648ba66581b6db2345) Importer(815301076,1909f56bfc062723c751e8b465ee728b)
Start importing Assets/y.unity using Guid(cee70cafa29eac648ba66581b6db2345) Importer(815301076,1909f56bfc062723c751e8b465ee728b)  -> (artifact id: '77007bb9c92752b0b507d4e2367bed9a') in 0.002268 seconds
  Import took 0.003853 seconds .

AssetImportWorkerClient::OnTransportError - code=2 error=End of file
