Using pre-set license
Built from '2020.3/release' branch; Version is '2020.3.7f1 (dd97f2c94397) revision 14522354'; Using compiler version '192528614'; Build Type 'Release'
OS: 'Windows 10 Enterprise; OS build 19041.1415; Version 2004; 64bit' Language: 'en' Physical Memory: 32704 MB
BatchMode: 1, IsHumanControllingUs: 0, StartBugReporterOnCrash: 0, Is64bit: 1, IsPro: 0

 COMMAND LINE ARGUMENTS:
C:\Program Files\Unity\Editor\Unity.exe
-adb2
-batchMode
-noUpm
-name
AssetImportWorker0
-projectPath
C:/Users/bl2/Documents/GAD170-repository
-logFile
Logs/AssetImportWorker0.log
-srvPort
55283
Successfully changed project path to: C:/Users/bl2/Documents/GAD170-repository
C:/Users/bl2/Documents/GAD170-repository
Using Asset Import Pipeline V2.
Refreshing native plugins compatible for Editor in 19.49 ms, found 0 plugins.
Preloading 0 native plugins for Editor in 0.00 ms.
Initialize engine version: 2020.3.7f1 (dd97f2c94397)
[Subsystems] Discovering subsystems at path C:/Program Files/Unity/Editor/Data/Resources/UnitySubsystems
[Subsystems] Discovering subsystems at path C:/Users/bl2/Documents/GAD170-repository/Assets
GfxDevice: creating device client; threaded=0
Direct3D:
    Version:  Direct3D 11.0 [level 11.1]
    Renderer: NVIDIA GeForce GTX 1070 (ID=0x1b81)
    Vendor:   
    VRAM:     8088 MB
    Driver:   27.21.14.5671
Initialize mono
Mono path[0] = 'C:/Program Files/Unity/Editor/Data/Managed'
Mono path[1] = 'C:/Program Files/Unity/Editor/Data/MonoBleedingEdge/lib/mono/unityjit'
Mono config path = 'C:/Program Files/Unity/Editor/Data/MonoBleedingEdge/etc'
Using monoOptions --debugger-agent=transport=dt_socket,embedding=1,server=y,suspend=n,address=127.0.0.1:56800
Begin MonoManager ReloadAssembly
Registering precompiled unity dll's ...
Register platform support module: C:/Program Files/Unity/Editor/Data/PlaybackEngines/WindowsStandaloneSupport/UnityEditor.WindowsStandalone.Extensions.dll
Registered in 0.001960 seconds.
Native extension for WindowsStandalone target not found
Refreshing native plugins compatible for Editor in 22.47 ms, found 0 plugins.
Preloading 0 native plugins for Editor in 0.00 ms.
Mono: successfully reloaded assembly
- Completed reload, in  1.006 seconds
Platform modules already initialized, skipping
Registering precompiled user dll's ...
Registered in 0.001438 seconds.
Begin MonoManager ReloadAssembly
Native extension for WindowsStandalone target not found
Refreshing native plugins compatible for Editor in 0.19 ms, found 0 plugins.
Preloading 0 native plugins for Editor in 0.00 ms.
Mono: successfully reloaded assembly
- Completed reload, in  0.712 seconds
Platform modules already initialized, skipping
========================================================================
Worker process is ready to serve import requests
Launched and connected shader compiler UnityShaderCompiler.exe after 0.05 seconds
Refreshing native plugins compatible for Editor in 0.18 ms, found 0 plugins.
Preloading 0 native plugins for Editor in 0.00 ms.
Unloading 1116 Unused Serialized files (Serialized files now loaded: 0)
System memory in use before: 57.2 MB.
System memory in use after: 57.2 MB.

Unloading 10 unused Assets to reduce memory usage. Loaded Objects now: 1558.
Total: 1.522700 ms (FindLiveObjects: 0.172300 ms CreateObjectMapping: 0.040200 ms MarkObjects: 1.244600 ms  DeleteObjects: 0.064800 ms)

========================================================================
Received Import Request.
  path: Assets/Test.cs
  artifactKey: Guid(af0c32aa41b8f2647999e397d19f2d93) Importer(815301076,1909f56bfc062723c751e8b465ee728b)
Start importing Assets/Test.cs using Guid(af0c32aa41b8f2647999e397d19f2d93) Importer(815301076,1909f56bfc062723c751e8b465ee728b)  -> (artifact id: 'edc1b061d3a9ae79dd21e4e97d663196') in 0.032582 seconds
  Import took 0.034370 seconds .

========================================================================
Received Import Request.
  Time since last request: 70.895341 seconds.
  path: Assets/Experience_System.cs
  artifactKey: Guid(84b3791e5c19a264ea76d0f1b203a191) Importer(815301076,1909f56bfc062723c751e8b465ee728b)
Start importing Assets/Experience_System.cs using Guid(84b3791e5c19a264ea76d0f1b203a191) Importer(815301076,1909f56bfc062723c751e8b465ee728b)  -> (artifact id: 'd6cf105a46b177ea613b943098dbe420') in 0.002226 seconds
  Import took 0.004157 seconds .

========================================================================
Received Prepare
Registering precompiled user dll's ...
Registered in 0.000999 seconds.
Begin MonoManager ReloadAssembly
Native extension for WindowsStandalone target not found
Refreshing native plugins compatible for Editor in 0.19 ms, found 0 plugins.
Preloading 0 native plugins for Editor in 0.00 ms.
Mono: successfully reloaded assembly
- Completed reload, in  0.669 seconds
Platform modules already initialized, skipping
Refreshing native plugins compatible for Editor in 0.18 ms, found 0 plugins.
Preloading 0 native plugins for Editor in 0.00 ms.
Unloading 1112 Unused Serialized files (Serialized files now loaded: 0)
System memory in use before: 57.1 MB.
System memory in use after: 57.2 MB.

Unloading 5 unused Assets to reduce memory usage. Loaded Objects now: 1562.
Total: 1.377600 ms (FindLiveObjects: 0.181100 ms CreateObjectMapping: 0.056700 ms MarkObjects: 1.095800 ms  DeleteObjects: 0.042900 ms)

========================================================================
Received Prepare
Registering precompiled user dll's ...
Registered in 0.001033 seconds.
Begin MonoManager ReloadAssembly
Native extension for WindowsStandalone target not found
Refreshing native plugins compatible for Editor in 0.22 ms, found 0 plugins.
Preloading 0 native plugins for Editor in 0.00 ms.
Mono: successfully reloaded assembly
- Completed reload, in  0.637 seconds
Platform modules already initialized, skipping
Refreshing native plugins compatible for Editor in 0.18 ms, found 0 plugins.
Preloading 0 native plugins for Editor in 0.00 ms.
Unloading 1112 Unused Serialized files (Serialized files now loaded: 0)
System memory in use before: 57.1 MB.
System memory in use after: 57.2 MB.

Unloading 5 unused Assets to reduce memory usage. Loaded Objects now: 1565.
Total: 1.401700 ms (FindLiveObjects: 0.109000 ms CreateObjectMapping: 0.028400 ms MarkObjects: 1.221600 ms  DeleteObjects: 0.041600 ms)

========================================================================
Received Prepare
Registering precompiled user dll's ...
Registered in 0.000972 seconds.
Begin MonoManager ReloadAssembly
Native extension for WindowsStandalone target not found
Refreshing native plugins compatible for Editor in 0.18 ms, found 0 plugins.
Preloading 0 native plugins for Editor in 0.00 ms.
Mono: successfully reloaded assembly
- Completed reload, in  0.628 seconds
Platform modules already initialized, skipping
Refreshing native plugins compatible for Editor in 0.17 ms, found 0 plugins.
Preloading 0 native plugins for Editor in 0.00 ms.
Unloading 1113 Unused Serialized files (Serialized files now loaded: 0)
System memory in use before: 57.2 MB.
System memory in use after: 57.3 MB.

Unloading 5 unused Assets to reduce memory usage. Loaded Objects now: 1569.
Total: 1.501200 ms (FindLiveObjects: 0.117700 ms CreateObjectMapping: 0.033000 ms MarkObjects: 1.269200 ms  DeleteObjects: 0.080200 ms)

========================================================================
Received Import Request.
  Time since last request: 1184.650641 seconds.
  path: Assets/NewBehaviourScript.cs
  artifactKey: Guid(9b1b0872a1a8c7f4890a9d1c749576a3) Importer(815301076,1909f56bfc062723c751e8b465ee728b)
Start importing Assets/NewBehaviourScript.cs using Guid(9b1b0872a1a8c7f4890a9d1c749576a3) Importer(815301076,1909f56bfc062723c751e8b465ee728b)  -> (artifact id: 'd4083ad6520eaf7989cb278385487438') in 0.005324 seconds
  Import took 0.009094 seconds .

========================================================================
Received Prepare
Registering precompiled user dll's ...
Registered in 0.001019 seconds.
Begin MonoManager ReloadAssembly
Native extension for WindowsStandalone target not found
Refreshing native plugins compatible for Editor in 0.18 ms, found 0 plugins.
Preloading 0 native plugins for Editor in 0.00 ms.
Mono: successfully reloaded assembly
- Completed reload, in  0.631 seconds
Platform modules already initialized, skipping
Refreshing native plugins compatible for Editor in 0.18 ms, found 0 plugins.
Preloading 0 native plugins for Editor in 0.00 ms.
Unloading 1112 Unused Serialized files (Serialized files now loaded: 0)
System memory in use before: 57.2 MB.
System memory in use after: 57.3 MB.

Unloading 6 unused Assets to reduce memory usage. Loaded Objects now: 1571.
Total: 1.302900 ms (FindLiveObjects: 0.114700 ms CreateObjectMapping: 0.031600 ms MarkObjects: 1.115200 ms  DeleteObjects: 0.040600 ms)

========================================================================
Received Import Request.
  Time since last request: 35.591289 seconds.
  path: Assets/Experience_System.cs
  artifactKey: Guid(84b3791e5c19a264ea76d0f1b203a191) Importer(815301076,1909f56bfc062723c751e8b465ee728b)
Start importing Assets/Experience_System.cs using Guid(84b3791e5c19a264ea76d0f1b203a191) Importer(815301076,1909f56bfc062723c751e8b465ee728b)  -> (artifact id: 'c27ecd6ab355ad8d7fca991d0980a360') in 0.003552 seconds
  Import took 0.005226 seconds .

========================================================================
Received Import Request.
  Time since last request: 0.002458 seconds.
  path: Assets/Experience_System.cs
  artifactKey: Guid(84b3791e5c19a264ea76d0f1b203a191) Importer(815301076,1909f56bfc062723c751e8b465ee728b)
Start importing Assets/Experience_System.cs using Guid(84b3791e5c19a264ea76d0f1b203a191) Importer(815301076,1909f56bfc062723c751e8b465ee728b)  -> (artifact id: 'c27ecd6ab355ad8d7fca991d0980a360') in 0.002338 seconds
  Import took 0.004119 seconds .

========================================================================
Received Prepare
Registering precompiled user dll's ...
Registered in 0.001031 seconds.
Begin MonoManager ReloadAssembly
Native extension for WindowsStandalone target not found
Refreshing native plugins compatible for Editor in 0.18 ms, found 0 plugins.
Preloading 0 native plugins for Editor in 0.00 ms.
Mono: successfully reloaded assembly
- Completed reload, in  0.637 seconds
Platform modules already initialized, skipping
Refreshing native plugins compatible for Editor in 0.19 ms, found 0 plugins.
Preloading 0 native plugins for Editor in 0.00 ms.
Unloading 1111 Unused Serialized files (Serialized files now loaded: 0)
System memory in use before: 57.2 MB.
System memory in use after: 57.2 MB.

Unloading 6 unused Assets to reduce memory usage. Loaded Objects now: 1573.
Total: 1.442300 ms (FindLiveObjects: 0.121500 ms CreateObjectMapping: 0.035100 ms MarkObjects: 1.241900 ms  DeleteObjects: 0.043000 ms)

AssetImportWorkerClient::OnTransportError - code=2 error=End of file
